[backblue.gif]
[fade.gif]
[index.html]
[troikaschool.org/wp-content/uploads/2021/10/troika-school-lagos-nigeria-best-school-in-quality-great-pupil-good-teachers7.jpg]
[troikaschool.org/wp-content/themes/brite/resources/images/header-shapes/circles.png]
[troikaschool.org/wp-content/themes/brite/resources/images/header-shapes/10degree-stripes.png]
[troikaschool.org/wp-content/themes/brite/resources/images/header-shapes/rounded-squares-blue.png]
[troikaschool.org/comments/feed/index.html]
[troikaschool.org/feed/index.html]
[troikaschool.org/wp-content/themes/brite/resources/images/header-shapes/many-rounded-squares-blue.png]
[troikaschool.org/wp-content/themes/brite/resources/images/header-shapes/two-circles.png]
[troikaschool.org/wp-content/themes/brite/resources/images/header-shapes/circles-2.png]
[troikaschool.org/wp-content/themes/brite/resources/images/header-shapes/circles-3.png]
[troikaschool.org/wp-content/themes/brite/resources/images/header-shapes/circles-gradient.png]
[troikaschool.org/wp-content/themes/brite/resources/images/header-shapes/circles-white-gradient.png]
[troikaschool.org/wp-content/themes/brite/resources/images/header-shapes/waves.png]
[troikaschool.org/wp-content/themes/brite/resources/images/header-shapes/waves-inverted.png]
[troikaschool.org/wp-content/themes/brite/resources/images/header-shapes/dots.png]
[troikaschool.org/wp-content/themes/brite/resources/images/header-shapes/left-tilted-lines.png]
[troikaschool.org/wp-content/themes/brite/resources/images/header-shapes/right-tilted-lines.png]
[troikaschool.org/wp-content/themes/brite/resources/images/header-shapes/right-tilted-strips.png]
[troikaschool.org/wp-content/uploads/2021/10/laptop-desk-computer-writing-screen-man-653052-pxhere-com-1.jpg]
[troikaschool.org/wp-content/uploads/2021/10/troika-school-lagos-nigeria-best-school-in-quality-great-pupil-good-teachers-2019-End-of-the-year-event-troikaschool.org-best-school-in-Lagos-with-christian-morals-7.12]
[troikaschool.org/wp-includes/js/jquery/jquery.minaf6c.js]
[troikaschool.org/wp-includes/js/jquery/jquery-migrate.mind617.js]
[troikaschool.org/wp-includes/js/imagesloaded.mineda1.js]
[troikaschool.org/wp-includes/js/masonry.min3a05.js]
[troikaschool.org/wp-content/plugins/colibri-page-builder/extend-builder/assets/static/colibri8ccf.js]
[troikaschool.org/wp-content/plugins/colibri-page-builder/extend-builder/assets/static/typed8ccf.js]
[troikaschool.org/wp-content/plugins/colibri-page-builder/extend-builder/assets/static/fancybox/jquery.fancybox.min8ccf.js]
[troikaschool.org/wp-content/plugins/colibri-page-builder/extend-builder/assets/static/js/theme8ccf.js]
[troikaschool.org/wp-json/index.html]
[troikaschool.org/wp-json/wp/v2/pages/102.json]
[troikaschool.org/xmlrpc0db0.php]
[troikaschool.org/wp-includes/wlwmanifest.xml]
[troikaschool.org/wp-json/oembed/1.0/embed1a8f.json]
[troikaschool.org/wp-json/oembed/1.0/embed2950]
[troikaschool.org/wp-content/uploads/2021/10/Troika-school-logo-best-school-in-Lagos-Lekki-Nigeria-moral-christian-french-chinese.png]
[troikaschool.org/wp-content/uploads/2021/10/troika-school-lagos-nigeria-best-school-in-quality-great-pupil-good-teachers-3.jpg]
[troikaschool.org/wp-content/uploads/2021/10/troika-school-lagos-nigeria-best-school-in-quality-great-pupil-good-teachers-2019-End-of-the-year-event-troikaschool.org-best-school-in-Lagos-with-christian-morals-8.24]
[troikaschool.org/wp-content/uploads/2021/10/troika-school-lagos-nigeria-best-school-in-quality-great-pupil-good-teachers-2019-End-of-the-year-event-troikaschool.org-best-school-in-Lagos-with-christian-morals-g.25]
[troikaschool.org/wp-content/plugins/forminator/assets/js/library/jquery.validate.minedf9.js]
[troikaschool.org/wp-content/plugins/forminator/assets/forminator-ui/js/forminator-form.minedf9.js]
[troikaschool.org/wp-content/plugins/forminator/build/front/front.multi.minedf9.js]
[troikaschool.org/wp-content/plugins/forminator/assets/js/library/intlTelInput.minedf9.js]
[troikaschool.org/index.html]
[troikaschool.org/wp-content/plugins/colibri-page-builder/extend-builder/assets/static/css/theme8ccf.css]
[troikaschool.org/wp-includes/css/dist/block-library/style.min74e5.css]
[troikaschool.org/wp-content/themes/brite/resources/theme/extras4b68.css]
[troikaschool.org/wp-content/uploads/2021/10/troika-school-lagos-nigeria-best-school-in-quality-great-pupil-good-teachers-2019-End-of-the-year-event-troikaschool.org-best-school-in-Lagos-with-christian-morals-a.35]
[troikaschool.org/wp-json/wp/v2/pages/6.json]
[troikaschool.org/wp-json/oembed/1.0/embed1f4b.json]
[troikaschool.org/wp-json/oembed/1.0/embed683a]
[troikaschool.org/about-us/index.html]
[troikaschool.org/wp-content/uploads/2021/10/cropped-background-black-blank-composition-concept-desk-1562267-pxhere-com-1.jpg]
[troikaschool.org/wp-content/plugins/elementor/assets/lib/eicons/fonts/eicons0b93.eot]
[troikaschool.org/wp-json/oembed/1.0/embed85b2.json]
[troikaschool.org/wp-json/oembed/1.0/embed1ec2]
[troikaschool.org/admissions/index.html]
[troikaschool.org/wp-content/uploads/2021/10/colibri-image-31.png]
[troikaschool.org/wp-json/wp/v2/pages/7.json]
[troikaschool.org/wp-json/oembed/1.0/embeddf34.json]
[troikaschool.org/wp-json/oembed/1.0/embed1a1e]
[troikaschool.org/multilingual-studies/index.html]
[troikaschool.org/wp-json/wp/v2/pages/33.json]
[troikaschool.org/wp-json/oembed/1.0/embed6c15.json]
[troikaschool.org/school-curriculum/index.html]
[troikaschool.org/wp-json/oembed/1.0/embed9988]
[troikaschool.org/extra-curriculars/index.html]
[troikaschool.org/wp-json/wp/v2/pages/23.json]
[troikaschool.org/wp-json/oembed/1.0/embed4ceb.json]
[troikaschool.org/wp-json/oembed/1.0/embed72cb]
[troikaschool.org/why-we-are-different/index.html]
[troikaschool.org/wp-json/wp/v2/pages/17.json]
[troikaschool.org/wp-json/oembed/1.0/embed5450.json]
[troikaschool.org/wp-json/oembed/1.0/embed9c75]
[troikaschool.org/wp-content/uploads/2021/11/Untitled-2.jpg]
[troikaschool.org/wp-content/uploads/2021/11/troika-school-lagos-nigeria-best-school-in-quality-great-pupil-good-teachers-2019-End-of-the-year-event-troikaschool.org-best-school-in-Lagos-with-christian-morals-w.55]
[troikaschool.org/wp-content/uploads/2021/11/troika-school-lagos-nigeria-best-school-in-quality-great-pupil-good-teachers-2019-End-of-the-year-event-troikaschool.org-best-school-in-Lagos-with-christian-morals-u.56]
[troikaschool.org/wp-content/uploads/2021/11/troika-school-lagos-nigeria-best-school-in-quality-great-pupil-good-teachers-2019-End-of-the-year-event-troikaschool.org-best-school-in-Lagos-with-christian-morals-R.58]
[troikaschool.org/wp-content/uploads/2021/11/troika-school-lagos-nigeria-best-school-in-quality-great-pupil-good-teachers-2019-End-of-the-year-event-troikaschool.org-best-school-in-Lagos-with-christian-morals-s.57]
[troikaschool.org/wp-content/uploads/2021/11/troika-school-lagos-nigeria-best-school-in-quality-great-pupil-good-teachers-2019-End-of-the-year-event-troikaschool.org-best-school-in-Lagos-with-christian-morals-q.59]
[troikaschool.org/wp-content/uploads/2021/11/troika-school-lagos-nigeria-best-school-in-quality-great-pupil-good-teachers-2019-End-of-the-year-event-troikaschool.org-best-school-in-Lagos-with-christian-morals-o.5a]
[troikaschool.org/wp-content/uploads/2021/11/troika-school-lagos-nigeria-best-school-in-quality-great-pupil-good-teachers-2019-End-of-the-year-event-troikaschool.org-best-school-in-Lagos-with-christian-morals-k.5c]
[troikaschool.org/wp-content/uploads/2021/11/troika-school-lagos-nigeria-best-school-in-quality-great-pupil-good-teachers-2019-End-of-the-year-event-troikaschool.org-best-school-in-Lagos-with-christian-morals-l.5b]
[troikaschool.org/wp-content/uploads/2021/11/troika-school-lagos-nigeria-best-school-in-quality-great-pupil-good-teachers-2019-End-of-the-year-event-troikaschool.org-best-school-in-Lagos-with-christian-morals-j.5d]
[troikaschool.org/wp-content/uploads/2021/11/troika-school-lagos-nigeria-best-school-in-quality-great-pupil-good-teachers-2019-End-of-the-year-event-troikaschool.org-best-school-in-Lagos-with-christian-morals-h.5e]
[troikaschool.org/wp-content/uploads/2021/11/troika-school-lagos-nigeria-best-school-in-quality-great-pupil-good-teachers-2019-End-of-the-year-event-troikaschool.org-best-school-in-Lagos-with-christian-morals-g.5f]
[troikaschool.org/wp-content/uploads/2021/11/troika-school-lagos-nigeria-best-school-in-quality-great-pupil-good-teachers-2019-End-of-the-year-event-troikaschool.org-best-school-in-Lagos-with-christian-morals-f.60]
[troikaschool.org/wp-content/uploads/2021/11/troika-school-lagos-nigeria-best-school-in-quality-great-pupil-good-teachers-2019-End-of-the-year-event-troikaschool.org-best-school-in-Lagos-with-christian-morals-d.61]
[troikaschool.org/wp-content/plugins/envira-gallery-lite/assets/js/min/envira-min2eb4.js]
[troikaschool.org/wp-content/uploads/2021/11/troika-school-lagos-nigeria-best-school-in-quality-great-pupil-good-teachers-2019-End-of-the-year-event-troikaschool.org-best-school-in-Lagos-with-christian-morals-a.62]
[troikaschool.org/wp-content/uploads/2021/11/troika-school-lagos-nigeria-best-school-in-quality-great-pupil-good-teachers-2019-End-of-the-year-event-troikaschool.org-best-school-in-Lagos-with-christian-morals-7.63]
[troikaschool.org/wp-content/uploads/2021/11/troika-school-lagos-nigeria-best-school-in-quality-great-pupil-good-teachers-2019-End-of-the-year-event-troikaschool.org-best-school-in-Lagos-with-christian-morals-6.64]
[troikaschool.org/wp-content/plugins/elementor/assets/js/webpack.runtime.minedb1.js]
[troikaschool.org/wp-content/uploads/2021/11/troika-school-lagos-nigeria-best-school-in-quality-great-pupil-good-teachers-2019-End-of-the-year-event-troikaschool.org-best-school-in-Lagos-with-christian-morals-5.65]
[troikaschool.org/wp-content/uploads/2021/11/troika-school-lagos-nigeria-best-school-in-quality-great-pupil-good-teachers-2019-End-of-the-year-event-troikaschool.org-best-school-in-Lagos-with-christian-morals-4.66]
[troikaschool.org/wp-content/uploads/2021/11/troika-school-lagos-nigeria-best-school-in-quality-great-pupil-good-teachers-2019-End-of-the-year-event-troikaschool.org-best-school-in-Lagos-with-christian-morals-3.67]
[troikaschool.org/wp-content/plugins/elementor/assets/js/frontend-modules.minedb1.js]
[troikaschool.org/wp-content/uploads/2021/11/troika-school-lagos-nigeria-best-school-in-quality-great-pupil-good-teachers-2019-End-of-the-year-event-troikaschool.org-best-school-in-Lagos-with-christian-morals-2.68]
[troikaschool.org/wp-content/uploads/2021/11/troika-school-lagos-nigeria-best-school-in-quality-great-pupil-good-teachers-2019-End-of-the-year-event-troikaschool.org-best-school-in-Lagos-with-christian-morals-1.69]
[troikaschool.org/wp-content/uploads/2021/11/troika-school-lagos-nigeria-best-school-in-quality-great-pupil-good-teachers-2019-End-of-the-year-event-troikaschool.org-best-school-in-Lagos-with-christian-morals-.6a.d]
[troikaschool.org/wp-content/plugins/elementor/assets/lib/waypoints/waypoints.min05da.js]
[troikaschool.org/wp-includes/js/jquery/ui/core.min0028.js]
[troikaschool.org/wp-content/plugins/elementor/assets/lib/swiper/swiper.min48f5.js]
[troikaschool.org/wp-content/plugins/elementor/assets/lib/share-link/share-link.minedb1.js]
[troikaschool.org/wp-content/plugins/elementor/assets/lib/dialog/dialog.mina288.js]
[troikaschool.org/wp-content/plugins/elementor/assets/js/frontend.minedb1.js]
[troikaschool.org/wp-content/plugins/elementor/assets/js/preloaded-modules.minedb1.js]
[troikaschool.org/gallery/index.html]
[troikaschool.org/wp-json/wp/v2/pages/27.json]
[troikaschool.org/wp-json/oembed/1.0/embedb39d.json]
[troikaschool.org/wp-json/oembed/1.0/embedf86b]
[troikaschool.org/contact-us/index.html]
[troikaschool.org/https_/troikaschool.org/wp-content/uploads/2021/10/laptop-desk-computer-writing-screen-man-653052-pxhere-com-1.html]
[troikaschool.org/wp-content/uploads/forminator/css/style-1811a29.css]
[troikaschool.org/wp-content/plugins/forminator/assets/forminator-ui/fonts/forminator-icons-font8782.eot]
[troikaschool.org/wp-content/plugins/forminator/assets/forminator-ui/fonts/forminator-icons-font8782.woff2]
[troikaschool.org/wp-content/plugins/forminator/assets/forminator-ui/fonts/forminator-icons-font8782.woff]
[troikaschool.org/wp-content/plugins/forminator/assets/forminator-ui/fonts/forminator-icons-font8782.ttf]
[troikaschool.org/wp-content/plugins/forminator/assets/forminator-ui/css/forminator-icons.minedf9.css]
[troikaschool.org/wp-content/plugins/forminator/assets/forminator-ui/css/src/forminator-utilities.minedf9.css]
[troikaschool.org/wp-content/plugins/forminator/assets/forminator-ui/css/src/grid/forminator-grid.open.minedf9.css]
[troikaschool.org/wp-content/plugins/forminator/assets/forminator-ui/css/src/form/forminator-form-default.base.minedf9.css]
[troikaschool.org/wp-content/plugins/forminator/assets/forminator-ui/css/src/form/forminator-form-default.full.minedf9.css]
[troikaschool.org/wp-content/plugins/forminator/assets/img/flags.png]
[troikaschool.org/wp-content/plugins/forminator/assets/img/flags@2x.png]
[troikaschool.org/wp-content/plugins/forminator/assets/css/intlTelInput.minfa0c.css]
[troikaschool.org/wp-includes/css/buttons.min74e5.css]
[troikaschool.org/wp-content/plugins/colibri-page-builder/extend-builder/assets/static/fancybox/jquery.fancybox.min8ccf.css]
[troikaschool.org/index42dc.html]
[troikaschool.org/wp-content/plugins/elementor/assets/lib/eicons/fonts/eicons02d6.woff2]
[troikaschool.org/wp-content/plugins/elementor/assets/lib/eicons/fonts/eicons02d6.woff]
[troikaschool.org/wp-content/plugins/elementor/assets/lib/eicons/fonts/eicons02d6.ttf]
[troikaschool.org/wp-content/plugins/elementor/assets/lib/eicons/css/elementor-icons.minb683.css]
[troikaschool.org/wp-content/plugins/elementor/assets/css/frontend.minedb1.css]
[troikaschool.org/wp-content/uploads/elementor/css/post-54721.css]
[troikaschool.org/index0b69.html]
[troikaschool.org/indexc4f7.html]
[troikaschool.org/wp-json/wp/v2/pages/14]
[troikaschool.org/indexa1ca.html]
[troikaschool.org/wp-json/oembed/1.0/embedc293]
[troikaschool.org/index40a0.html]
[troikaschool.org/wp-content/uploads/elementor/css/post-17f904.css]
[troikaschool.org/indexd8eb.html]
[troikaschool.org/wp-json/wp/v2/pages/15]
[troikaschool.org/wp-json/oembed/1.0/embed8ebd]
[troikaschool.org/wp-content/plugins/envira-gallery-lite/assets/css/images/envirabox_sprite.png]
[troikaschool.org/wp-content/plugins/envira-gallery-lite/assets/css/images/envirabox_loading.gif]
[troikaschool.org/wp-content/plugins/envira-gallery-lite/assets/css/images/blank.gif]
[troikaschool.org/wp-content/plugins/envira-gallery-lite/assets/css/images/envirabox_overlay.png]
[troikaschool.org/wp-content/plugins/envira-gallery-lite/assets/css/images/envirabox_buttons.png]
[troikaschool.org/wp-content/plugins/envira-gallery-lite/assets/css/images/envirabox_sprite@2x.png]
[troikaschool.org/wp-content/plugins/envira-gallery-lite/assets/css/images/envirabox_loading@2x.gif]
[troikaschool.org/wp-content/plugins/envira-gallery-lite/assets/css/envira2eb4.css]
[troikaschool.org/wp-content/plugins/envira-gallery-lite/assets/css/responsivelyLazy2eb4.css]
[troikaschool.org/wp-content/plugins/envira-gallery-lite/assets/css/fancybox2eb4.css]
[troikaschool.org/wp-content/plugins/envira-gallery-lite/assets/css/justifiedGallery2eb4.css]
[troikaschool.org/wp-content/plugins/elementor/assets/lib/animations/animations.minedb1.css]
[troikaschool.org/wp-content/uploads/elementor/css/post-270a1a.css]
[troikaschool.org/wp-content/plugins/elementor/assets/lib/font-awesome/css/fontawesome.min52d5.css]
[troikaschool.org/wp-content/plugins/elementor/assets/lib/font-awesome/webfonts/fa-solid-900.eot]
[troikaschool.org/wp-content/plugins/elementor/assets/lib/font-awesome/webfonts/fa-solid-900d41d.eot]
[troikaschool.org/wp-content/plugins/elementor/assets/lib/font-awesome/webfonts/fa-solid-900.woff2]
[troikaschool.org/wp-content/plugins/elementor/assets/lib/font-awesome/webfonts/fa-solid-900.woff]
[troikaschool.org/wp-content/plugins/elementor/assets/lib/font-awesome/webfonts/fa-solid-900.ttf]
[troikaschool.org/wp-content/plugins/elementor/assets/lib/font-awesome/css/solid.min52d5.css]
[troikaschool.org/index1c4a.html]
[troikaschool.org/wp-content/plugins/forminator/assets/forminator-ui/fonts/forminator-icons-font8782.svg]
[troikaschool.org/wp-content/plugins/elementor/assets/lib/eicons/fonts/eicons02d6.svg]
[troikaschool.org/wp-content/uploads/elementor/css/globala64e.css]
[troikaschool.org/indexdd23.html]
[troikaschool.org/wp-content/plugins/forminator/assets/img/flags@2x.png]
[troikaschool.org/wp-content/uploads/2021/10/troika-school-lagos-nigeria-best-school-in-quality-great-pupil-good-teachers44.jpg]
[troikaschool.org/wp-content/plugins/envira-gallery-lite/assets/css/images/envirabox/fancy_close.html]
[troikaschool.org/wp-content/plugins/envira-gallery-lite/assets/css/images/envirabox/fancy_nav_left.html]
[troikaschool.org/wp-content/plugins/envira-gallery-lite/assets/css/images/envirabox/fancy_nav_right.html]
[troikaschool.org/wp-content/plugins/envira-gallery-lite/assets/css/images/envirabox/fancy_title_over.html]
[troikaschool.org/wp-content/plugins/envira-gallery-lite/assets/css/images/envirabox/fancy_title_left.html]
[troikaschool.org/wp-content/plugins/envira-gallery-lite/assets/css/images/envirabox/fancy_title_main.html]
[troikaschool.org/wp-content/plugins/envira-gallery-lite/assets/css/images/envirabox/fancy_title_right.html]
[troikaschool.org/wp-content/plugins/envira-gallery-lite/assets/css/images/envirabox/fancy_loading.html]
[troikaschool.org/wp-content/plugins/elementor/assets/lib/eicons/fonts/eicons02d6.eot]
[troikaschool.org/wp-content/plugins/elementor/assets/lib/font-awesome/webfonts/fa-solid-900.svg]
